build/app/intermediates/manifest_merge_blame_file/debug/manifest-merger-blame-debug-report.txt
1<?xml version="1.0" encoding="utf-8"?>
2<manifest xmlns:android="http://schemas.android.com/apk/res/android"
3    package="com.example.rabbitfood"
4    android:versionCode="1"
5    android:versionName="1.0.0" >
6
7    <uses-sdk
8        android:minSdkVersion="21"
9        android:targetSdkVersion="33" />
10    <!--
11         The INTERNET permission is required for development. Specifically,
12         the Flutter tool needs it to communicate with the running application
13         to allow setting breakpoints, to provide hot reload, etc.
14    -->
15    <uses-permission android:name="android.permission.INTERNET" />
15-->src\debug\AndroidManifest.xml:7:5-66
15-->src\debug\AndroidManifest.xml:7:22-64
16    <uses-permission android:name="android.permission.WAKE_LOCK" />
16-->[:firebase_messaging] AndroidManifest.xml:10:5-68
16-->[:firebase_messaging] AndroidManifest.xml:10:22-65
17    <uses-permission android:name="android.permission.ACCESS_NETWORK_STATE" /> <!-- Permissions options for the `notification` group -->
17-->[:firebase_messaging] AndroidManifest.xml:11:5-79
17-->[:firebase_messaging] AndroidManifest.xml:11:22-76
18    <uses-permission android:name="android.permission.POST_NOTIFICATIONS" />
18-->[:firebase_messaging] AndroidManifest.xml:13:5-77
18-->[:firebase_messaging] AndroidManifest.xml:13:22-74
19    <uses-permission android:name="android.permission.ACCESS_COARSE_LOCATION" />
19-->[:location] AndroidManifest.xml:9:5-81
19-->[:location] AndroidManifest.xml:9:22-78
20    <uses-permission android:name="android.permission.ACCESS_FINE_LOCATION" /> <!-- Required by older versions of Google Play services to create IID tokens -->
20-->[:location] AndroidManifest.xml:10:5-79
20-->[:location] AndroidManifest.xml:10:22-76
21    <uses-permission android:name="com.google.android.c2dm.permission.RECEIVE" />
21-->[com.google.firebase:firebase-messaging:23.1.1] AndroidManifest.xml:28:5-82
21-->[com.google.firebase:firebase-messaging:23.1.1] AndroidManifest.xml:28:22-79
22
23    <uses-feature
23-->[com.google.android.gms:play-services-maps:18.1.0] AndroidManifest.xml:26:5-28:35
24        android:glEsVersion="0x00020000"
24-->[com.google.android.gms:play-services-maps:18.1.0] AndroidManifest.xml:27:9-41
25        android:required="true" />
25-->[com.google.android.gms:play-services-maps:18.1.0] AndroidManifest.xml:28:9-32
26
27    <queries>
27-->[com.google.android.gms:play-services-maps:18.1.0] AndroidManifest.xml:30:5-34:15
28
29        <!-- Needs to be explicitly declared on Android R+ -->
30        <package android:name="com.google.android.apps.maps" />
30-->[com.google.android.gms:play-services-maps:18.1.0] AndroidManifest.xml:33:9-64
30-->[com.google.android.gms:play-services-maps:18.1.0] AndroidManifest.xml:33:18-61
31    </queries>
32
33    <application
34        android:name="android.app.Application"
35        android:appComponentFactory="androidx.core.app.CoreComponentFactory"
35-->[androidx.core:core:1.8.0] AndroidManifest.xml:24:18-86
36        android:debuggable="true"
37        android:icon="@mipmap/ic_launcher"
38        android:label="rabbitfood" >
39        <meta-data
40            android:name="com.google.android.geo.API_KEY"
41            android:value="AIzaSyCWzqHvEoYsz7BKBS3jX556eFgrm_PDY68" />
42
43        <activity
44            android:name="com.example.rabbitfood.MainActivity"
45            android:configChanges="orientation|keyboardHidden|keyboard|screenSize|smallestScreenSize|locale|layoutDirection|fontScale|screenLayout|density|uiMode"
46            android:exported="true"
47            android:hardwareAccelerated="true"
48            android:launchMode="singleTop"
49            android:theme="@style/LaunchTheme"
50            android:windowSoftInputMode="adjustResize" >
51
52            <!--
53                 Specifies an Android theme to apply to this Activity as soon as
54                 the Android process has started. This theme is visible to the user
55                 while the Flutter UI initializes. After that, this theme continues
56                 to determine the Window background behind the Flutter UI.
57            -->
58            <meta-data
59                android:name="io.flutter.embedding.android.NormalTheme"
60                android:resource="@style/NormalTheme" />
61
62            <intent-filter>
63                <action android:name="android.intent.action.MAIN" />
64
65                <category android:name="android.intent.category.LAUNCHER" />
66            </intent-filter>
67        </activity>
68        <!--
69             Don't delete the meta-data below.
70             This is used by the Flutter tool to generate GeneratedPluginRegistrant.java
71        -->
72        <meta-data
73            android:name="flutterEmbedding"
74            android:value="2" />
75
76        <service
76-->[:firebase_messaging] AndroidManifest.xml:16:9-19:72
77            android:name="io.flutter.plugins.firebase.messaging.FlutterFirebaseMessagingBackgroundService"
77-->[:firebase_messaging] AndroidManifest.xml:17:13-107
78            android:exported="false"
78-->[:firebase_messaging] AndroidManifest.xml:18:13-37
79            android:permission="android.permission.BIND_JOB_SERVICE" />
79-->[:firebase_messaging] AndroidManifest.xml:19:13-69
80        <service
80-->[:firebase_messaging] AndroidManifest.xml:20:9-26:19
81            android:name="io.flutter.plugins.firebase.messaging.FlutterFirebaseMessagingService"
81-->[:firebase_messaging] AndroidManifest.xml:21:13-97
82            android:exported="false" >
82-->[:firebase_messaging] AndroidManifest.xml:22:13-37
83            <intent-filter>
83-->[:firebase_messaging] AndroidManifest.xml:23:13-25:29
84                <action android:name="com.google.firebase.MESSAGING_EVENT" />
84-->[:firebase_messaging] AndroidManifest.xml:24:17-78
84-->[:firebase_messaging] AndroidManifest.xml:24:25-75
85            </intent-filter>
86        </service>
87
88        <receiver
88-->[:firebase_messaging] AndroidManifest.xml:28:9-35:20
89            android:name="io.flutter.plugins.firebase.messaging.FlutterFirebaseMessagingReceiver"
89-->[:firebase_messaging] AndroidManifest.xml:29:13-98
90            android:exported="true"
90-->[:firebase_messaging] AndroidManifest.xml:30:13-36
91            android:permission="com.google.android.c2dm.permission.SEND" >
91-->[:firebase_messaging] AndroidManifest.xml:31:13-73
92            <intent-filter>
92-->[:firebase_messaging] AndroidManifest.xml:32:13-34:29
93                <action android:name="com.google.android.c2dm.intent.RECEIVE" />
93-->[:firebase_messaging] AndroidManifest.xml:33:17-81
93-->[:firebase_messaging] AndroidManifest.xml:33:25-78
94            </intent-filter>
95        </receiver>
96
97        <service
97-->[:firebase_messaging] AndroidManifest.xml:37:9-41:19
98            android:name="com.google.firebase.components.ComponentDiscoveryService"
98-->[:firebase_messaging] AndroidManifest.xml:37:18-89
99            android:directBootAware="true"
99-->[com.google.firebase:firebase-common:20.2.0] AndroidManifest.xml:34:13-43
100            android:exported="false" >
100-->[com.google.firebase:firebase-messaging:23.1.1] AndroidManifest.xml:54:13-37
101            <meta-data
101-->[:firebase_messaging] AndroidManifest.xml:38:13-40:85
102                android:name="com.google.firebase.components:io.flutter.plugins.firebase.messaging.FlutterFirebaseAppRegistrar"
102-->[:firebase_messaging] AndroidManifest.xml:39:17-128
103                android:value="com.google.firebase.components.ComponentRegistrar" />
103-->[:firebase_messaging] AndroidManifest.xml:40:17-82
104            <meta-data
104-->[:firebase_core] AndroidManifest.xml:11:13-13:85
105                android:name="com.google.firebase.components:io.flutter.plugins.firebase.core.FlutterFirebaseCoreRegistrar"
105-->[:firebase_core] AndroidManifest.xml:12:17-124
106                android:value="com.google.firebase.components.ComponentRegistrar" />
106-->[:firebase_core] AndroidManifest.xml:13:17-82
107            <meta-data
107-->[com.google.firebase:firebase-messaging:23.1.1] AndroidManifest.xml:55:13-57:85
108                android:name="com.google.firebase.components:com.google.firebase.messaging.FirebaseMessagingRegistrar"
108-->[com.google.firebase:firebase-messaging:23.1.1] AndroidManifest.xml:56:17-119
109                android:value="com.google.firebase.components.ComponentRegistrar" />
109-->[com.google.firebase:firebase-messaging:23.1.1] AndroidManifest.xml:57:17-82
110            <meta-data
110-->[com.google.firebase:firebase-datatransport:18.1.7] AndroidManifest.xml:27:13-29:85
111                android:name="com.google.firebase.components:com.google.firebase.datatransport.TransportRegistrar"
111-->[com.google.firebase:firebase-datatransport:18.1.7] AndroidManifest.xml:28:17-115
112                android:value="com.google.firebase.components.ComponentRegistrar" />
112-->[com.google.firebase:firebase-datatransport:18.1.7] AndroidManifest.xml:29:17-82
113            <meta-data
113-->[com.google.firebase:firebase-iid:21.1.0] AndroidManifest.xml:32:13-34:85
114                android:name="com.google.firebase.components:com.google.firebase.iid.Registrar"
114-->[com.google.firebase:firebase-iid:21.1.0] AndroidManifest.xml:33:17-96
115                android:value="com.google.firebase.components.ComponentRegistrar" />
115-->[com.google.firebase:firebase-iid:21.1.0] AndroidManifest.xml:34:17-82
116            <meta-data
116-->[com.google.firebase:firebase-installations:17.1.0] AndroidManifest.xml:17:13-19:85
117                android:name="com.google.firebase.components:com.google.firebase.installations.FirebaseInstallationsRegistrar"
117-->[com.google.firebase:firebase-installations:17.1.0] AndroidManifest.xml:18:17-127
118                android:value="com.google.firebase.components.ComponentRegistrar" />
118-->[com.google.firebase:firebase-installations:17.1.0] AndroidManifest.xml:19:17-82
119        </service>
120
121        <provider
121-->[:firebase_messaging] AndroidManifest.xml:43:9-47:38
122            android:name="io.flutter.plugins.firebase.messaging.FlutterFirebaseMessagingInitProvider"
122-->[:firebase_messaging] AndroidManifest.xml:44:13-102
123            android:authorities="com.example.rabbitfood.flutterfirebasemessaginginitprovider"
123-->[:firebase_messaging] AndroidManifest.xml:45:13-88
124            android:exported="false"
124-->[:firebase_messaging] AndroidManifest.xml:46:13-37
125            android:initOrder="99" />
125-->[:firebase_messaging] AndroidManifest.xml:47:13-35
126        <provider
126-->[:image_picker_android] AndroidManifest.xml:10:9-18:20
127            android:name="io.flutter.plugins.imagepicker.ImagePickerFileProvider"
127-->[:image_picker_android] AndroidManifest.xml:11:13-82
128            android:authorities="com.example.rabbitfood.flutter.image_provider"
128-->[:image_picker_android] AndroidManifest.xml:12:13-74
129            android:exported="false"
129-->[:image_picker_android] AndroidManifest.xml:13:13-37
130            android:grantUriPermissions="true" >
130-->[:image_picker_android] AndroidManifest.xml:14:13-47
131            <meta-data
131-->[:image_picker_android] AndroidManifest.xml:15:13-17:75
132                android:name="android.support.FILE_PROVIDER_PATHS"
132-->[:image_picker_android] AndroidManifest.xml:16:17-67
133                android:resource="@xml/flutter_image_picker_file_paths" />
133-->[:image_picker_android] AndroidManifest.xml:17:17-72
134        </provider>
135
136        <service
136-->[:location] AndroidManifest.xml:13:9-17:56
137            android:name="com.lyokone.location.FlutterLocationService"
137-->[:location] AndroidManifest.xml:14:13-71
138            android:enabled="true"
138-->[:location] AndroidManifest.xml:15:13-35
139            android:exported="false"
139-->[:location] AndroidManifest.xml:16:13-37
140            android:foregroundServiceType="location" />
140-->[:location] AndroidManifest.xml:17:13-53
141
142        <uses-library
142-->[androidx.window:window:1.0.0-beta04] AndroidManifest.xml:25:9-27:40
143            android:name="androidx.window.extensions"
143-->[androidx.window:window:1.0.0-beta04] AndroidManifest.xml:26:13-54
144            android:required="false" />
144-->[androidx.window:window:1.0.0-beta04] AndroidManifest.xml:27:13-37
145        <uses-library
145-->[androidx.window:window:1.0.0-beta04] AndroidManifest.xml:28:9-30:40
146            android:name="androidx.window.sidecar"
146-->[androidx.window:window:1.0.0-beta04] AndroidManifest.xml:29:13-51
147            android:required="false" />
147-->[androidx.window:window:1.0.0-beta04] AndroidManifest.xml:30:13-37
148
149        <receiver
149-->[com.google.firebase:firebase-messaging:23.1.1] AndroidManifest.xml:31:9-38:20
150            android:name="com.google.firebase.iid.FirebaseInstanceIdReceiver"
150-->[com.google.firebase:firebase-messaging:23.1.1] AndroidManifest.xml:32:13-78
151            android:exported="true"
151-->[com.google.firebase:firebase-messaging:23.1.1] AndroidManifest.xml:33:13-36
152            android:permission="com.google.android.c2dm.permission.SEND" >
152-->[com.google.firebase:firebase-messaging:23.1.1] AndroidManifest.xml:34:13-73
153            <intent-filter>
153-->[:firebase_messaging] AndroidManifest.xml:32:13-34:29
154                <action android:name="com.google.android.c2dm.intent.RECEIVE" />
154-->[:firebase_messaging] AndroidManifest.xml:33:17-81
154-->[:firebase_messaging] AndroidManifest.xml:33:25-78
155            </intent-filter>
156        </receiver>
157        <!--
158             FirebaseMessagingService performs security checks at runtime,
159             but set to not exported to explicitly avoid allowing another app to call it.
160        -->
161        <service
161-->[com.google.firebase:firebase-messaging:23.1.1] AndroidManifest.xml:44:9-51:19
162            android:name="com.google.firebase.messaging.FirebaseMessagingService"
162-->[com.google.firebase:firebase-messaging:23.1.1] AndroidManifest.xml:45:13-82
163            android:directBootAware="true"
163-->[com.google.firebase:firebase-messaging:23.1.1] AndroidManifest.xml:46:13-43
164            android:exported="false" >
164-->[com.google.firebase:firebase-messaging:23.1.1] AndroidManifest.xml:47:13-37
165            <intent-filter android:priority="-500" >
165-->[:firebase_messaging] AndroidManifest.xml:23:13-25:29
166                <action android:name="com.google.firebase.MESSAGING_EVENT" />
166-->[:firebase_messaging] AndroidManifest.xml:24:17-78
166-->[:firebase_messaging] AndroidManifest.xml:24:25-75
167            </intent-filter>
168        </service>
169        <service
169-->[com.google.android.datatransport:transport-backend-cct:3.1.8] AndroidManifest.xml:28:9-34:19
170            android:name="com.google.android.datatransport.runtime.backends.TransportBackendDiscovery"
170-->[com.google.android.datatransport:transport-backend-cct:3.1.8] AndroidManifest.xml:29:13-103
171            android:exported="false" >
171-->[com.google.android.datatransport:transport-backend-cct:3.1.8] AndroidManifest.xml:30:13-37
172            <meta-data
172-->[com.google.android.datatransport:transport-backend-cct:3.1.8] AndroidManifest.xml:31:13-33:39
173                android:name="backend:com.google.android.datatransport.cct.CctBackendFactory"
173-->[com.google.android.datatransport:transport-backend-cct:3.1.8] AndroidManifest.xml:32:17-94
174                android:value="cct" />
174-->[com.google.android.datatransport:transport-backend-cct:3.1.8] AndroidManifest.xml:33:17-36
175        </service>
176        <service
176-->[com.google.android.datatransport:transport-runtime:3.1.8] AndroidManifest.xml:26:9-30:19
177            android:name="com.google.android.datatransport.runtime.scheduling.jobscheduling.JobInfoSchedulerService"
177-->[com.google.android.datatransport:transport-runtime:3.1.8] AndroidManifest.xml:27:13-117
178            android:exported="false"
178-->[com.google.android.datatransport:transport-runtime:3.1.8] AndroidManifest.xml:28:13-37
179            android:permission="android.permission.BIND_JOB_SERVICE" >
179-->[com.google.android.datatransport:transport-runtime:3.1.8] AndroidManifest.xml:29:13-69
180        </service>
181
182        <receiver
182-->[com.google.android.datatransport:transport-runtime:3.1.8] AndroidManifest.xml:32:9-34:40
183            android:name="com.google.android.datatransport.runtime.scheduling.jobscheduling.AlarmManagerSchedulerBroadcastReceiver"
183-->[com.google.android.datatransport:transport-runtime:3.1.8] AndroidManifest.xml:33:13-132
184            android:exported="false" />
184-->[com.google.android.datatransport:transport-runtime:3.1.8] AndroidManifest.xml:34:13-37
185
186        <provider
186-->[com.google.firebase:firebase-common:20.2.0] AndroidManifest.xml:25:9-30:39
187            android:name="com.google.firebase.provider.FirebaseInitProvider"
187-->[com.google.firebase:firebase-common:20.2.0] AndroidManifest.xml:26:13-77
188            android:authorities="com.example.rabbitfood.firebaseinitprovider"
188-->[com.google.firebase:firebase-common:20.2.0] AndroidManifest.xml:27:13-72
189            android:directBootAware="true"
189-->[com.google.firebase:firebase-common:20.2.0] AndroidManifest.xml:28:13-43
190            android:exported="false"
190-->[com.google.firebase:firebase-common:20.2.0] AndroidManifest.xml:29:13-37
191            android:initOrder="100" /> <!-- Needs to be explicitly declared on P+ -->
191-->[com.google.firebase:firebase-common:20.2.0] AndroidManifest.xml:30:13-36
192        <uses-library
192-->[com.google.android.gms:play-services-maps:18.1.0] AndroidManifest.xml:39:9-41:40
193            android:name="org.apache.http.legacy"
193-->[com.google.android.gms:play-services-maps:18.1.0] AndroidManifest.xml:40:13-50
194            android:required="false" />
194-->[com.google.android.gms:play-services-maps:18.1.0] AndroidManifest.xml:41:13-37
195
196        <activity
196-->[com.google.android.gms:play-services-base:18.0.1] AndroidManifest.xml:20:9-22:45
197            android:name="com.google.android.gms.common.api.GoogleApiActivity"
197-->[com.google.android.gms:play-services-base:18.0.1] AndroidManifest.xml:20:19-85
198            android:exported="false"
198-->[com.google.android.gms:play-services-base:18.0.1] AndroidManifest.xml:22:19-43
199            android:theme="@android:style/Theme.Translucent.NoTitleBar" />
199-->[com.google.android.gms:play-services-base:18.0.1] AndroidManifest.xml:21:19-78
200
201        <meta-data
201-->[com.google.android.gms:play-services-basement:18.1.0] AndroidManifest.xml:21:9-23:69
202            android:name="com.google.android.gms.version"
202-->[com.google.android.gms:play-services-basement:18.1.0] AndroidManifest.xml:22:13-58
203            android:value="@integer/google_play_services_version" />
203-->[com.google.android.gms:play-services-basement:18.1.0] AndroidManifest.xml:23:13-66
204    </application>
205
206</manifest>